[35m[1mConsolidate compiler generated dependencies of target parameters[0m
[ 50%] [32mBuilding CXX object CMakeFiles/parameters.dir/src/parameters.cpp.o[0m
[01m[K/home/roy/ros2_packages/ros2_tutorial/src/parameters/src/parameters.cpp:[m[K In constructor â€˜[01m[KMinimalParameter::MinimalParameter()[m[Kâ€™:
[01m[K/home/roy/ros2_packages/ros2_tutorial/src/parameters/src/parameters.cpp:28:8:[m[K [01;31m[Kerror: [m[Kâ€˜[01m[KMinimalParam[m[Kâ€™ has not been declared
   28 |       &[01;31m[KMinimalParam[m[K::timer_callback, // Callback function to call
      |        [01;31m[K^~~~~~~~~~~~[m[K
gmake[2]: *** [CMakeFiles/parameters.dir/build.make:76: CMakeFiles/parameters.dir/src/parameters.cpp.o] Error 1
gmake[1]: *** [CMakeFiles/Makefile2:137: CMakeFiles/parameters.dir/all] Error 2
gmake: *** [Makefile:146: all] Error 2
